2023-03-04T19:55:32.294Z TypeError [CommandInteractionOptionType]: Option "numbering" is of type: 4; expected 10.
    at CommandInteractionOptionResolver._getTypedOption (C:\Users\suzur\Documents\vscode\submarine\node_modules\discord.js\src\structures\CommandInteractionOptionResolver.js:99:13)
    at CommandInteractionOptionResolver.getNumber (C:\Users\suzur\Documents\vscode\submarine\node_modules\discord.js\src\structures\CommandInteractionOptionResolver.js:182:25)
    at Object.<anonymous> (C:\Users\suzur\Documents\vscode\submarine\build\commands\addsub.js:38:55)
    at Generator.next (<anonymous>)
    at C:\Users\suzur\Documents\vscode\submarine\build\commands\addsub.js:8:71
    at new Promise (<anonymous>)
    at __awaiter (C:\Users\suzur\Documents\vscode\submarine\build\commands\addsub.js:4:12)
    at Object.execute (C:\Users\suzur\Documents\vscode\submarine\build\commands\addsub.js:34:16)
    at C:\Users\suzur\Documents\vscode\submarine\build\index.js:48:23
    at Generator.next (<anonymous>)
2023-03-04T19:57:23.780Z DiscordAPIError[40060]: Interaction has already been acknowledged.
    at SequentialHandler.runRequest (C:\Users\suzur\Documents\vscode\submarine\node_modules\@discordjs\rest\dist\index.js:667:15)
    at processTicksAndRejections (node:internal/process/task_queues:96:5)
    at async SequentialHandler.queueRequest (C:\Users\suzur\Documents\vscode\submarine\node_modules\@discordjs\rest\dist\index.js:464:14)
    at async REST.request (C:\Users\suzur\Documents\vscode\submarine\node_modules\@discordjs\rest\dist\index.js:910:22)
    at async ChatInputCommandInteraction.reply (C:\Users\suzur\Documents\vscode\submarine\node_modules\discord.js\src\structures\interfaces\InteractionResponses.js:111:5)
2023-03-04T19:58:28.454Z DiscordAPIError[40060]: Interaction has already been acknowledged.
    at SequentialHandler.runRequest (C:\Users\suzur\Documents\vscode\submarine\node_modules\@discordjs\rest\dist\index.js:667:15)
    at processTicksAndRejections (node:internal/process/task_queues:96:5)
    at async SequentialHandler.queueRequest (C:\Users\suzur\Documents\vscode\submarine\node_modules\@discordjs\rest\dist\index.js:464:14)
    at async REST.request (C:\Users\suzur\Documents\vscode\submarine\node_modules\@discordjs\rest\dist\index.js:910:22)
    at async ChatInputCommandInteraction.reply (C:\Users\suzur\Documents\vscode\submarine\node_modules\discord.js\src\structures\interfaces\InteractionResponses.js:111:5)
2023-03-04T19:59:29.181Z Error [InteractionNotReplied]: The reply to this interaction has not been sent or deferred.
    at ChatInputCommandInteraction.editReply (C:\Users\suzur\Documents\vscode\submarine\node_modules\discord.js\src\structures\interfaces\InteractionResponses.js:157:48)
    at Object.<anonymous> (C:\Users\suzur\Documents\vscode\submarine\build\commands\addsub.js:43:35)
    at Generator.next (<anonymous>)
    at C:\Users\suzur\Documents\vscode\submarine\build\commands\addsub.js:8:71
    at new Promise (<anonymous>)
    at __awaiter (C:\Users\suzur\Documents\vscode\submarine\build\commands\addsub.js:4:12)
    at Object.execute (C:\Users\suzur\Documents\vscode\submarine\build\commands\addsub.js:34:16)
    at C:\Users\suzur\Documents\vscode\submarine\build\index.js:48:23
    at Generator.next (<anonymous>)
    at C:\Users\suzur\Documents\vscode\submarine\build\index.js:8:71
2023-03-04T20:07:07.566Z DiscordAPIError[40060]: Interaction has already been acknowledged.
    at SequentialHandler.runRequest (C:\Users\suzur\Documents\vscode\submarine\node_modules\@discordjs\rest\dist\index.js:667:15)
    at processTicksAndRejections (node:internal/process/task_queues:96:5)
    at async SequentialHandler.queueRequest (C:\Users\suzur\Documents\vscode\submarine\node_modules\@discordjs\rest\dist\index.js:464:14)
    at async REST.request (C:\Users\suzur\Documents\vscode\submarine\node_modules\@discordjs\rest\dist\index.js:910:22)
    at async ChatInputCommandInteraction.reply (C:\Users\suzur\Documents\vscode\submarine\node_modules\discord.js\src\structures\interfaces\InteractionResponses.js:111:5)
2023-03-05T04:53:47.722Z DiscordAPIError[10062]: Unknown interaction
    at SequentialHandler.runRequest (C:\Users\suzur\Documents\vscode\submarine\node_modules\@discordjs\rest\dist\index.js:667:15)
    at processTicksAndRejections (node:internal/process/task_queues:96:5)
    at async SequentialHandler.queueRequest (C:\Users\suzur\Documents\vscode\submarine\node_modules\@discordjs\rest\dist\index.js:464:14)
    at async REST.request (C:\Users\suzur\Documents\vscode\submarine\node_modules\@discordjs\rest\dist\index.js:910:22)
    at async ChatInputCommandInteraction.reply (C:\Users\suzur\Documents\vscode\submarine\node_modules\discord.js\src\structures\interfaces\InteractionResponses.js:111:5)
2023-03-05T04:54:58.343Z DiscordAPIError[40060]: Interaction has already been acknowledged.
    at SequentialHandler.runRequest (C:\Users\suzur\Documents\vscode\submarine\node_modules\@discordjs\rest\dist\index.js:667:15)
    at processTicksAndRejections (node:internal/process/task_queues:96:5)
    at async SequentialHandler.queueRequest (C:\Users\suzur\Documents\vscode\submarine\node_modules\@discordjs\rest\dist\index.js:464:14)
    at async REST.request (C:\Users\suzur\Documents\vscode\submarine\node_modules\@discordjs\rest\dist\index.js:910:22)
    at async ChatInputCommandInteraction.reply (C:\Users\suzur\Documents\vscode\submarine\node_modules\discord.js\src\structures\interfaces\InteractionResponses.js:111:5)
2023-03-05T04:57:12.086Z Error [InteractionNotReplied]: The reply to this interaction has not been sent or deferred.
    at ChatInputCommandInteraction.followUp (C:\Users\suzur\Documents\vscode\submarine\node_modules\discord.js\src\structures\interfaces\InteractionResponses.js:184:64)
    at Object.<anonymous> (C:\Users\suzur\Documents\vscode\submarine\build\commands\addsub.js:48:43)
    at Generator.next (<anonymous>)
    at fulfilled (C:\Users\suzur\Documents\vscode\submarine\build\commands\addsub.js:5:58)
    at processTicksAndRejections (node:internal/process/task_queues:96:5)
2023-03-05T04:58:13.877Z Error [InteractionNotReplied]: The reply to this interaction has not been sent or deferred.
    at ChatInputCommandInteraction.followUp (C:\Users\suzur\Documents\vscode\submarine\node_modules\discord.js\src\structures\interfaces\InteractionResponses.js:184:64)
    at Object.<anonymous> (C:\Users\suzur\Documents\vscode\submarine\build\commands\addsub.js:48:43)
    at Generator.next (<anonymous>)
    at fulfilled (C:\Users\suzur\Documents\vscode\submarine\build\commands\addsub.js:5:58)
    at processTicksAndRejections (node:internal/process/task_queues:96:5)
2023-03-05T05:01:11.407Z Error [InteractionNotReplied]: The reply to this interaction has not been sent or deferred.
    at ChatInputCommandInteraction.editReply (C:\Users\suzur\Documents\vscode\submarine\node_modules\discord.js\src\structures\interfaces\InteractionResponses.js:157:48)
    at Object.<anonymous> (C:\Users\suzur\Documents\vscode\submarine\build\commands\addsub.js:48:43)
    at Generator.next (<anonymous>)
    at fulfilled (C:\Users\suzur\Documents\vscode\submarine\build\commands\addsub.js:5:58)
    at processTicksAndRejections (node:internal/process/task_queues:96:5)
